{"C:\\Users\\Mathe\\source\\pessoal\\clean-kind-app\\src\\data\\usecases\\db-add-account.ts": {"path":"C:\\Users\\Mathe\\source\\pessoal\\clean-kind-app\\src\\data\\usecases\\db-add-account.ts","statementMap":{"0":{"start":{"line":6,"column":21},"end":{"line":6,"column":35}},"1":{"start":{"line":7,"column":21},"end":{"line":7,"column":63}},"2":{"start":{"line":8,"column":21},"end":{"line":8,"column":81}},"3":{"start":{"line":12,"column":19},"end":{"line":12,"column":91}},"4":{"start":{"line":13,"column":18},"end":{"line":13,"column":23}},"5":{"start":{"line":14,"column":4},"end":{"line":17,"column":null}},"6":{"start":{"line":15,"column":29},"end":{"line":15,"column":73}},"7":{"start":{"line":16,"column":6},"end":{"line":16,"column":null}},"8":{"start":{"line":18,"column":4},"end":{"line":18,"column":null}},"9":{"start":{"line":4,"column":0},"end":{"line":4,"column":13}}},"fnMap":{"0":{"name":"(anonymous_0)","decl":{"start":{"line":5,"column":2},"end":{"line":5,"column":null}},"loc":{"start":{"line":8,"column":81},"end":{"line":9,"column":6}}},"1":{"name":"(anonymous_1)","decl":{"start":{"line":11,"column":2},"end":{"line":11,"column":7}},"loc":{"start":{"line":11,"column":43},"end":{"line":19,"column":3}}}},"branchMap":{"0":{"loc":{"start":{"line":14,"column":4},"end":{"line":17,"column":null}},"type":"if","locations":[{"start":{"line":14,"column":4},"end":{"line":17,"column":null}},{"start":{"line":14,"column":4},"end":{"line":17,"column":null}}]}},"s":{"0":14,"1":14,"2":14,"3":10,"4":10,"5":10,"6":8,"7":7,"8":8,"9":13},"f":{"0":14,"1":10},"b":{"0":[8,2]}}
,"C:\\Users\\Mathe\\source\\pessoal\\clean-kind-app\\src\\data\\usecases\\db-add-creature.ts": {"path":"C:\\Users\\Mathe\\source\\pessoal\\clean-kind-app\\src\\data\\usecases\\db-add-creature.ts","statementMap":{"0":{"start":{"line":5,"column":32},"end":{"line":5,"column":74}},"1":{"start":{"line":8,"column":4},"end":{"line":8,"column":null}},"2":{"start":{"line":4,"column":0},"end":{"line":4,"column":13}}},"fnMap":{"0":{"name":"(anonymous_0)","decl":{"start":{"line":5,"column":2},"end":{"line":5,"column":32}},"loc":{"start":{"line":5,"column":74},"end":{"line":5,"column":78}}},"1":{"name":"(anonymous_1)","decl":{"start":{"line":7,"column":2},"end":{"line":7,"column":7}},"loc":{"start":{"line":7,"column":37},"end":{"line":9,"column":3}}}},"branchMap":{},"s":{"0":8,"1":2,"2":13},"f":{"0":8,"1":2},"b":{}}
,"C:\\Users\\Mathe\\source\\pessoal\\clean-kind-app\\src\\data\\usecases\\db-authentication.ts": {"path":"C:\\Users\\Mathe\\source\\pessoal\\clean-kind-app\\src\\data\\usecases\\db-authentication.ts","statementMap":{"0":{"start":{"line":6,"column":21},"end":{"line":6,"column":79}},"1":{"start":{"line":7,"column":21},"end":{"line":7,"column":47}},"2":{"start":{"line":8,"column":21},"end":{"line":8,"column":41}},"3":{"start":{"line":9,"column":21},"end":{"line":9,"column":77}},"4":{"start":{"line":13,"column":20},"end":{"line":13,"column":99}},"5":{"start":{"line":14,"column":4},"end":{"line":24,"column":null}},"6":{"start":{"line":15,"column":22},"end":{"line":15,"column":102}},"7":{"start":{"line":16,"column":6},"end":{"line":23,"column":null}},"8":{"start":{"line":17,"column":28},"end":{"line":17,"column":68}},"9":{"start":{"line":18,"column":8},"end":{"line":18,"column":null}},"10":{"start":{"line":19,"column":8},"end":{"line":22,"column":null}},"11":{"start":{"line":25,"column":4},"end":{"line":25,"column":null}},"12":{"start":{"line":4,"column":0},"end":{"line":4,"column":13}}},"fnMap":{"0":{"name":"(anonymous_0)","decl":{"start":{"line":5,"column":2},"end":{"line":5,"column":null}},"loc":{"start":{"line":9,"column":77},"end":{"line":10,"column":6}}},"1":{"name":"(anonymous_1)","decl":{"start":{"line":12,"column":2},"end":{"line":12,"column":7}},"loc":{"start":{"line":12,"column":57},"end":{"line":26,"column":3}}}},"branchMap":{"0":{"loc":{"start":{"line":14,"column":4},"end":{"line":24,"column":null}},"type":"if","locations":[{"start":{"line":14,"column":4},"end":{"line":24,"column":null}},{"start":{"line":14,"column":4},"end":{"line":24,"column":null}}]},"1":{"loc":{"start":{"line":16,"column":6},"end":{"line":23,"column":null}},"type":"if","locations":[{"start":{"line":16,"column":6},"end":{"line":23,"column":null}},{"start":{"line":16,"column":6},"end":{"line":23,"column":null}}]}},"s":{"0":12,"1":12,"2":12,"3":12,"4":3,"5":3,"6":2,"7":2,"8":2,"9":2,"10":2,"11":1,"12":13},"f":{"0":12,"1":3},"b":{"0":[2,1],"1":[2,0]}}
,"C:\\Users\\Mathe\\source\\pessoal\\clean-kind-app\\src\\data\\usecases\\db-load-account-by-token.ts": {"path":"C:\\Users\\Mathe\\source\\pessoal\\clean-kind-app\\src\\data\\usecases\\db-load-account-by-token.ts","statementMap":{"0":{"start":{"line":6,"column":21},"end":{"line":6,"column":41}},"1":{"start":{"line":7,"column":21},"end":{"line":7,"column":79}},"2":{"start":{"line":12,"column":4},"end":{"line":16,"column":null}},"3":{"start":{"line":13,"column":6},"end":{"line":13,"column":null}},"4":{"start":{"line":15,"column":6},"end":{"line":15,"column":null}},"5":{"start":{"line":17,"column":4},"end":{"line":22,"column":null}},"6":{"start":{"line":18,"column":22},"end":{"line":18,"column":92}},"7":{"start":{"line":19,"column":6},"end":{"line":21,"column":null}},"8":{"start":{"line":20,"column":8},"end":{"line":20,"column":null}},"9":{"start":{"line":23,"column":4},"end":{"line":23,"column":null}},"10":{"start":{"line":4,"column":0},"end":{"line":4,"column":13}}},"fnMap":{"0":{"name":"(anonymous_0)","decl":{"start":{"line":5,"column":2},"end":{"line":5,"column":null}},"loc":{"start":{"line":7,"column":79},"end":{"line":8,"column":6}}},"1":{"name":"(anonymous_1)","decl":{"start":{"line":10,"column":2},"end":{"line":10,"column":7}},"loc":{"start":{"line":10,"column":48},"end":{"line":24,"column":3}}}},"branchMap":{"0":{"loc":{"start":{"line":17,"column":4},"end":{"line":22,"column":null}},"type":"if","locations":[{"start":{"line":17,"column":4},"end":{"line":22,"column":null}},{"start":{"line":17,"column":4},"end":{"line":22,"column":null}}]},"1":{"loc":{"start":{"line":19,"column":6},"end":{"line":21,"column":null}},"type":"if","locations":[{"start":{"line":19,"column":6},"end":{"line":21,"column":null}},{"start":{"line":19,"column":6},"end":{"line":21,"column":null}}]}},"s":{"0":6,"1":6,"2":0,"3":0,"4":0,"5":0,"6":0,"7":0,"8":0,"9":0,"10":13},"f":{"0":6,"1":0},"b":{"0":[0,0],"1":[0,0]}}
,"C:\\Users\\Mathe\\source\\pessoal\\clean-kind-app\\src\\data\\usecases\\db-load-creature-by-id.ts": {"path":"C:\\Users\\Mathe\\source\\pessoal\\clean-kind-app\\src\\data\\usecases\\db-load-creature-by-id.ts","statementMap":{"0":{"start":{"line":6,"column":21},"end":{"line":6,"column":75}},"1":{"start":{"line":10,"column":21},"end":{"line":10,"column":79}},"2":{"start":{"line":11,"column":4},"end":{"line":13,"column":null}},"3":{"start":{"line":12,"column":6},"end":{"line":12,"column":null}},"4":{"start":{"line":14,"column":4},"end":{"line":14,"column":null}},"5":{"start":{"line":4,"column":0},"end":{"line":4,"column":13}}},"fnMap":{"0":{"name":"(anonymous_0)","decl":{"start":{"line":5,"column":2},"end":{"line":5,"column":null}},"loc":{"start":{"line":6,"column":75},"end":{"line":7,"column":6}}},"1":{"name":"(anonymous_1)","decl":{"start":{"line":9,"column":2},"end":{"line":9,"column":7}},"loc":{"start":{"line":9,"column":32},"end":{"line":15,"column":3}}}},"branchMap":{"0":{"loc":{"start":{"line":11,"column":4},"end":{"line":13,"column":null}},"type":"if","locations":[{"start":{"line":11,"column":4},"end":{"line":13,"column":null}},{"start":{"line":11,"column":4},"end":{"line":13,"column":null}}]}},"s":{"0":10,"1":4,"2":3,"3":2,"4":1,"5":13},"f":{"0":10,"1":4},"b":{"0":[2,1]}}
,"C:\\Users\\Mathe\\source\\pessoal\\clean-kind-app\\src\\data\\usecases\\db-load-creatures.ts": {"path":"C:\\Users\\Mathe\\source\\pessoal\\clean-kind-app\\src\\data\\usecases\\db-load-creatures.ts","statementMap":{"0":{"start":{"line":5,"column":32},"end":{"line":5,"column":80}},"1":{"start":{"line":8,"column":4},"end":{"line":8,"column":null}},"2":{"start":{"line":4,"column":0},"end":{"line":4,"column":13}}},"fnMap":{"0":{"name":"(anonymous_0)","decl":{"start":{"line":5,"column":2},"end":{"line":5,"column":32}},"loc":{"start":{"line":5,"column":80},"end":{"line":5,"column":84}}},"1":{"name":"(anonymous_1)","decl":{"start":{"line":7,"column":2},"end":{"line":7,"column":7}},"loc":{"start":{"line":7,"column":31},"end":{"line":9,"column":3}}}},"branchMap":{},"s":{"0":9,"1":4,"2":13},"f":{"0":9,"1":4},"b":{}}
,"C:\\Users\\Mathe\\source\\pessoal\\clean-kind-app\\src\\data\\usecases\\index.ts": {"path":"C:\\Users\\Mathe\\source\\pessoal\\clean-kind-app\\src\\data\\usecases\\index.ts","statementMap":{"0":{"start":{"line":1,"column":0},"end":{"line":1,"column":32}},"1":{"start":{"line":2,"column":0},"end":{"line":2,"column":33}},"2":{"start":{"line":3,"column":0},"end":{"line":3,"column":35}},"3":{"start":{"line":4,"column":0},"end":{"line":4,"column":35}},"4":{"start":{"line":5,"column":0},"end":{"line":5,"column":40}},"5":{"start":{"line":6,"column":0},"end":{"line":6,"column":42}}},"fnMap":{},"branchMap":{},"s":{"0":13,"1":13,"2":13,"3":13,"4":13,"5":13},"f":{},"b":{}}
,"C:\\Users\\Mathe\\source\\pessoal\\clean-kind-app\\src\\infra\\cryptography\\bcrypt-adapter.ts": {"path":"C:\\Users\\Mathe\\source\\pessoal\\clean-kind-app\\src\\infra\\cryptography\\bcrypt-adapter.ts","statementMap":{"0":{"start":{"line":3,"column":0},"end":{"line":3,"column":27}},"1":{"start":{"line":6,"column":32},"end":{"line":6,"column":44}},"2":{"start":{"line":9,"column":4},"end":{"line":9,"column":null}},"3":{"start":{"line":13,"column":4},"end":{"line":13,"column":null}},"4":{"start":{"line":5,"column":0},"end":{"line":5,"column":13}}},"fnMap":{"0":{"name":"(anonymous_1)","decl":{"start":{"line":6,"column":2},"end":{"line":6,"column":32}},"loc":{"start":{"line":6,"column":44},"end":{"line":6,"column":48}}},"1":{"name":"(anonymous_2)","decl":{"start":{"line":8,"column":2},"end":{"line":8,"column":7}},"loc":{"start":{"line":8,"column":31},"end":{"line":10,"column":3}}},"2":{"name":"(anonymous_3)","decl":{"start":{"line":12,"column":2},"end":{"line":12,"column":7}},"loc":{"start":{"line":12,"column":50},"end":{"line":14,"column":3}}}},"branchMap":{},"s":{"0":11,"1":25,"2":4,"3":6,"4":11},"f":{"0":25,"1":4,"2":6},"b":{}}
,"C:\\Users\\Mathe\\source\\pessoal\\clean-kind-app\\src\\infra\\cryptography\\index.ts": {"path":"C:\\Users\\Mathe\\source\\pessoal\\clean-kind-app\\src\\infra\\cryptography\\index.ts","statementMap":{"0":{"start":{"line":1,"column":0},"end":{"line":1,"column":32}},"1":{"start":{"line":2,"column":0},"end":{"line":2,"column":29}}},"fnMap":{},"branchMap":{},"s":{"0":11,"1":11},"f":{},"b":{}}
,"C:\\Users\\Mathe\\source\\pessoal\\clean-kind-app\\src\\infra\\cryptography\\jwt-adapter.ts": {"path":"C:\\Users\\Mathe\\source\\pessoal\\clean-kind-app\\src\\infra\\cryptography\\jwt-adapter.ts","statementMap":{"0":{"start":{"line":3,"column":0},"end":{"line":3,"column":30}},"1":{"start":{"line":6,"column":32},"end":{"line":6,"column":46}},"2":{"start":{"line":9,"column":4},"end":{"line":9,"column":null}},"3":{"start":{"line":13,"column":4},"end":{"line":13,"column":null}},"4":{"start":{"line":5,"column":0},"end":{"line":5,"column":13}}},"fnMap":{"0":{"name":"(anonymous_1)","decl":{"start":{"line":6,"column":2},"end":{"line":6,"column":32}},"loc":{"start":{"line":6,"column":46},"end":{"line":6,"column":50}}},"1":{"name":"(anonymous_2)","decl":{"start":{"line":8,"column":2},"end":{"line":8,"column":7}},"loc":{"start":{"line":8,"column":34},"end":{"line":10,"column":3}}},"2":{"name":"(anonymous_3)","decl":{"start":{"line":12,"column":2},"end":{"line":12,"column":7}},"loc":{"start":{"line":12,"column":35},"end":{"line":14,"column":3}}}},"branchMap":{},"s":{"0":11,"1":24,"2":5,"3":3,"4":11},"f":{"0":24,"1":5,"2":3},"b":{}}
,"C:\\Users\\Mathe\\source\\pessoal\\clean-kind-app\\src\\infra\\db\\index.ts": {"path":"C:\\Users\\Mathe\\source\\pessoal\\clean-kind-app\\src\\infra\\db\\index.ts","statementMap":{"0":{"start":{"line":1,"column":0},"end":{"line":1,"column":25}}},"fnMap":{},"branchMap":{},"s":{"0":13},"f":{},"b":{}}
,"C:\\Users\\Mathe\\source\\pessoal\\clean-kind-app\\src\\infra\\db\\mongodb\\account-mongo-repository.ts": {"path":"C:\\Users\\Mathe\\source\\pessoal\\clean-kind-app\\src\\infra\\db\\mongodb\\account-mongo-repository.ts","statementMap":{"0":{"start":{"line":1,"column":0},"end":{"line":1,"column":40}},"1":{"start":{"line":6,"column":30},"end":{"line":6,"column":73}},"2":{"start":{"line":7,"column":19},"end":{"line":7,"column":58}},"3":{"start":{"line":8,"column":4},"end":{"line":8,"column":null}},"4":{"start":{"line":12,"column":30},"end":{"line":12,"column":73}},"5":{"start":{"line":13,"column":20},"end":{"line":21,"column":6}},"6":{"start":{"line":22,"column":4},"end":{"line":22,"column":null}},"7":{"start":{"line":26,"column":30},"end":{"line":26,"column":73}},"8":{"start":{"line":27,"column":20},"end":{"line":33,"column":6}},"9":{"start":{"line":34,"column":4},"end":{"line":34,"column":null}},"10":{"start":{"line":38,"column":30},"end":{"line":38,"column":73}},"11":{"start":{"line":39,"column":4},"end":{"line":45,"column":null}},"12":{"start":{"line":49,"column":30},"end":{"line":49,"column":73}},"13":{"start":{"line":50,"column":20},"end":{"line":56,"column":6}},"14":{"start":{"line":57,"column":4},"end":{"line":57,"column":null}},"15":{"start":{"line":4,"column":0},"end":{"line":4,"column":13}}},"fnMap":{"0":{"name":"(anonymous_0)","decl":{"start":{"line":5,"column":2},"end":{"line":5,"column":7}},"loc":{"start":{"line":5,"column":46},"end":{"line":9,"column":3}}},"1":{"name":"(anonymous_1)","decl":{"start":{"line":11,"column":2},"end":{"line":11,"column":7}},"loc":{"start":{"line":11,"column":34},"end":{"line":23,"column":3}}},"2":{"name":"(anonymous_2)","decl":{"start":{"line":25,"column":2},"end":{"line":25,"column":7}},"loc":{"start":{"line":25,"column":35},"end":{"line":35,"column":3}}},"3":{"name":"(anonymous_3)","decl":{"start":{"line":37,"column":2},"end":{"line":37,"column":7}},"loc":{"start":{"line":37,"column":52},"end":{"line":46,"column":3}}},"4":{"name":"(anonymous_4)","decl":{"start":{"line":48,"column":2},"end":{"line":48,"column":7}},"loc":{"start":{"line":48,"column":49},"end":{"line":58,"column":3}}}},"branchMap":{"0":{"loc":{"start":{"line":22,"column":11},"end":{"line":22,"column":18}},"type":"binary-expr","locations":[{"start":{"line":22,"column":11},"end":{"line":22,"column":18}},{"start":{"line":22,"column":22},"end":{"line":22,"column":46}}]},"1":{"loc":{"start":{"line":57,"column":11},"end":{"line":57,"column":18}},"type":"binary-expr","locations":[{"start":{"line":57,"column":11},"end":{"line":57,"column":18}},{"start":{"line":57,"column":22},"end":{"line":57,"column":46}}]}},"s":{"0":13,"1":2,"2":2,"3":2,"4":5,"5":5,"6":5,"7":4,"8":4,"9":4,"10":3,"11":3,"12":4,"13":4,"14":4,"15":13},"f":{"0":2,"1":5,"2":4,"3":3,"4":4},"b":{"0":[5,3],"1":[4,3]}}
,"C:\\Users\\Mathe\\source\\pessoal\\clean-kind-app\\src\\infra\\db\\mongodb\\creature-mongo-repository.ts": {"path":"C:\\Users\\Mathe\\source\\pessoal\\clean-kind-app\\src\\infra\\db\\mongodb\\creature-mongo-repository.ts","statementMap":{"0":{"start":{"line":1,"column":0},"end":{"line":1,"column":54}},"1":{"start":{"line":6,"column":31},"end":{"line":6,"column":75}},"2":{"start":{"line":7,"column":4},"end":{"line":7,"column":null}},"3":{"start":{"line":11,"column":31},"end":{"line":11,"column":75}},"4":{"start":{"line":12,"column":18},"end":{"line":14,"column":14}},"5":{"start":{"line":15,"column":22},"end":{"line":15,"column":73}},"6":{"start":{"line":16,"column":4},"end":{"line":16,"column":null}},"7":{"start":{"line":20,"column":31},"end":{"line":20,"column":75}},"8":{"start":{"line":21,"column":21},"end":{"line":21,"column":66}},"9":{"start":{"line":22,"column":4},"end":{"line":22,"column":null}},"10":{"start":{"line":4,"column":0},"end":{"line":4,"column":13}}},"fnMap":{"0":{"name":"(anonymous_0)","decl":{"start":{"line":5,"column":2},"end":{"line":5,"column":7}},"loc":{"start":{"line":5,"column":47},"end":{"line":8,"column":3}}},"1":{"name":"(anonymous_1)","decl":{"start":{"line":10,"column":2},"end":{"line":10,"column":7}},"loc":{"start":{"line":10,"column":34},"end":{"line":17,"column":3}}},"2":{"name":"(anonymous_2)","decl":{"start":{"line":19,"column":2},"end":{"line":19,"column":7}},"loc":{"start":{"line":19,"column":28},"end":{"line":23,"column":3}}}},"branchMap":{"0":{"loc":{"start":{"line":22,"column":11},"end":{"line":22,"column":19}},"type":"binary-expr","locations":[{"start":{"line":22,"column":11},"end":{"line":22,"column":19}},{"start":{"line":22,"column":23},"end":{"line":22,"column":48}}]}},"s":{"0":13,"1":2,"2":2,"3":4,"4":4,"5":4,"6":4,"7":4,"8":4,"9":4,"10":13},"f":{"0":2,"1":4,"2":4},"b":{"0":[4,1]}}
,"C:\\Users\\Mathe\\source\\pessoal\\clean-kind-app\\src\\infra\\db\\mongodb\\index.ts": {"path":"C:\\Users\\Mathe\\source\\pessoal\\clean-kind-app\\src\\infra\\db\\mongodb\\index.ts","statementMap":{"0":{"start":{"line":1,"column":0},"end":{"line":1,"column":42}},"1":{"start":{"line":2,"column":0},"end":{"line":2,"column":38}},"2":{"start":{"line":3,"column":0},"end":{"line":3,"column":30}},"3":{"start":{"line":4,"column":0},"end":{"line":4,"column":31}},"4":{"start":{"line":5,"column":0},"end":{"line":5,"column":43}}},"fnMap":{},"branchMap":{},"s":{"0":13,"1":13,"2":13,"3":13,"4":13},"f":{},"b":{}}
,"C:\\Users\\Mathe\\source\\pessoal\\clean-kind-app\\src\\infra\\db\\mongodb\\log-mongo-repository.ts": {"path":"C:\\Users\\Mathe\\source\\pessoal\\clean-kind-app\\src\\infra\\db\\mongodb\\log-mongo-repository.ts","statementMap":{"0":{"start":{"line":1,"column":0},"end":{"line":1,"column":40}},"1":{"start":{"line":6,"column":28},"end":{"line":6,"column":69}},"2":{"start":{"line":7,"column":4},"end":{"line":10,"column":null}},"3":{"start":{"line":4,"column":0},"end":{"line":4,"column":13}}},"fnMap":{"0":{"name":"(anonymous_0)","decl":{"start":{"line":5,"column":2},"end":{"line":5,"column":7}},"loc":{"start":{"line":5,"column":31},"end":{"line":11,"column":3}}}},"branchMap":{},"s":{"0":13,"1":1,"2":1,"3":13},"f":{"0":1},"b":{}}
,"C:\\Users\\Mathe\\source\\pessoal\\clean-kind-app\\src\\infra\\db\\mongodb\\mongo-helper.ts": {"path":"C:\\Users\\Mathe\\source\\pessoal\\clean-kind-app\\src\\infra\\db\\mongodb\\mongo-helper.ts","statementMap":{"0":{"start":{"line":1,"column":0},"end":{"line":1,"column":49}},"1":{"start":{"line":3,"column":13},"end":{"line":35,"column":null}},"2":{"start":{"line":8,"column":4},"end":{"line":8,"column":null}},"3":{"start":{"line":9,"column":4},"end":{"line":12,"column":null}},"4":{"start":{"line":16,"column":4},"end":{"line":16,"column":null}},"5":{"start":{"line":17,"column":4},"end":{"line":17,"column":null}},"6":{"start":{"line":21,"column":4},"end":{"line":23,"column":null}},"7":{"start":{"line":22,"column":6},"end":{"line":22,"column":null}},"8":{"start":{"line":24,"column":4},"end":{"line":24,"column":null}},"9":{"start":{"line":28,"column":29},"end":{"line":28,"column":33}},"10":{"start":{"line":29,"column":4},"end":{"line":29,"column":null}},"11":{"start":{"line":33,"column":4},"end":{"line":33,"column":null}},"12":{"start":{"line":33,"column":31},"end":{"line":33,"column":49}}},"fnMap":{"0":{"name":"(anonymous_0)","decl":{"start":{"line":7,"column":2},"end":{"line":7,"column":7}},"loc":{"start":{"line":7,"column":28},"end":{"line":13,"column":3}}},"1":{"name":"(anonymous_1)","decl":{"start":{"line":15,"column":2},"end":{"line":15,"column":7}},"loc":{"start":{"line":15,"column":18},"end":{"line":18,"column":3}}},"2":{"name":"(anonymous_2)","decl":{"start":{"line":20,"column":2},"end":{"line":20,"column":7}},"loc":{"start":{"line":20,"column":35},"end":{"line":25,"column":3}}},"3":{"name":"(anonymous_3)","decl":{"start":{"line":27,"column":7},"end":{"line":27,"column":8}},"loc":{"start":{"line":27,"column":26},"end":{"line":30,"column":3}}},"4":{"name":"(anonymous_4)","decl":{"start":{"line":32,"column":17},"end":{"line":32,"column":18}},"loc":{"start":{"line":32,"column":46},"end":{"line":34,"column":3}}},"5":{"name":"(anonymous_5)","decl":{"start":{"line":33,"column":26},"end":{"line":33,"column":27}},"loc":{"start":{"line":33,"column":31},"end":{"line":33,"column":49}}}},"branchMap":{"0":{"loc":{"start":{"line":21,"column":4},"end":{"line":23,"column":null}},"type":"if","locations":[{"start":{"line":21,"column":4},"end":{"line":23,"column":null}},{"start":{"line":21,"column":4},"end":{"line":23,"column":null}}]},"1":{"loc":{"start":{"line":21,"column":20},"end":{"line":21,"column":22}},"type":"cond-expr","locations":[{"start":{"line":21,"column":20},"end":{"line":21,"column":22}},{"start":{"line":21,"column":20},"end":{"line":21,"column":35}}]},"2":{"loc":{"start":{"line":21,"column":9},"end":{"line":21,"column":22}},"type":"binary-expr","locations":[{"start":{"line":21,"column":9},"end":{"line":21,"column":22}},{"start":{"line":21,"column":20},"end":{"line":21,"column":22}}]}},"s":{"0":13,"1":13,"2":6,"3":6,"4":6,"5":6,"6":63,"7":0,"8":63,"9":11,"10":11,"11":4,"12":4},"f":{"0":6,"1":6,"2":63,"3":11,"4":4,"5":4},"b":{"0":[0,63],"1":[0,63],"2":[63,63]}}
,"C:\\Users\\Mathe\\source\\pessoal\\clean-kind-app\\src\\infra\\db\\mongodb\\query-builder.ts": {"path":"C:\\Users\\Mathe\\source\\pessoal\\clean-kind-app\\src\\infra\\db\\mongodb\\query-builder.ts","statementMap":{"0":{"start":{"line":2,"column":19},"end":{"line":2,"column":null}},"1":{"start":{"line":5,"column":4},"end":{"line":7,"column":null}},"2":{"start":{"line":8,"column":4},"end":{"line":8,"column":null}},"3":{"start":{"line":12,"column":4},"end":{"line":12,"column":null}},"4":{"start":{"line":16,"column":4},"end":{"line":16,"column":null}},"5":{"start":{"line":20,"column":4},"end":{"line":20,"column":null}},"6":{"start":{"line":24,"column":4},"end":{"line":24,"column":null}},"7":{"start":{"line":28,"column":4},"end":{"line":28,"column":null}},"8":{"start":{"line":32,"column":4},"end":{"line":32,"column":null}},"9":{"start":{"line":36,"column":4},"end":{"line":36,"column":null}},"10":{"start":{"line":1,"column":0},"end":{"line":1,"column":13}}},"fnMap":{"0":{"name":"(anonymous_0)","decl":{"start":{"line":1,"column":0},"end":{"line":1,"column":13}},"loc":{"start":{"line":1,"column":0},"end":{"line":38,"column":1}}},"1":{"name":"(anonymous_1)","decl":{"start":{"line":4,"column":10},"end":{"line":4,"column":17}},"loc":{"start":{"line":4,"column":45},"end":{"line":9,"column":3}}},"2":{"name":"(anonymous_2)","decl":{"start":{"line":11,"column":2},"end":{"line":11,"column":7}},"loc":{"start":{"line":11,"column":21},"end":{"line":13,"column":3}}},"3":{"name":"(anonymous_3)","decl":{"start":{"line":15,"column":2},"end":{"line":15,"column":7}},"loc":{"start":{"line":15,"column":21},"end":{"line":17,"column":3}}},"4":{"name":"(anonymous_4)","decl":{"start":{"line":19,"column":2},"end":{"line":19,"column":6}},"loc":{"start":{"line":19,"column":20},"end":{"line":21,"column":3}}},"5":{"name":"(anonymous_5)","decl":{"start":{"line":23,"column":2},"end":{"line":23,"column":8}},"loc":{"start":{"line":23,"column":22},"end":{"line":25,"column":3}}},"6":{"name":"(anonymous_6)","decl":{"start":{"line":27,"column":2},"end":{"line":27,"column":8}},"loc":{"start":{"line":27,"column":22},"end":{"line":29,"column":3}}},"7":{"name":"(anonymous_7)","decl":{"start":{"line":31,"column":2},"end":{"line":31,"column":9}},"loc":{"start":{"line":31,"column":23},"end":{"line":33,"column":3}}},"8":{"name":"(anonymous_8)","decl":{"start":{"line":35,"column":2},"end":{"line":35,"column":7}},"loc":{"start":{"line":35,"column":7},"end":{"line":37,"column":3}}}},"branchMap":{},"s":{"0":4,"1":4,"2":4,"3":4,"4":0,"5":0,"6":0,"7":0,"8":0,"9":4,"10":13},"f":{"0":4,"1":4,"2":4,"3":0,"4":0,"5":0,"6":0,"7":0,"8":4},"b":{}}
,"C:\\Users\\Mathe\\source\\pessoal\\clean-kind-app\\src\\infra\\validators\\email-validator-adapter.ts": {"path":"C:\\Users\\Mathe\\source\\pessoal\\clean-kind-app\\src\\infra\\validators\\email-validator-adapter.ts","statementMap":{"0":{"start":{"line":3,"column":0},"end":{"line":3,"column":33}},"1":{"start":{"line":7,"column":4},"end":{"line":7,"column":null}},"2":{"start":{"line":5,"column":0},"end":{"line":5,"column":13}}},"fnMap":{"0":{"name":"(anonymous_1)","decl":{"start":{"line":6,"column":2},"end":{"line":6,"column":9}},"loc":{"start":{"line":6,"column":24},"end":{"line":8,"column":3}}}},"branchMap":{},"s":{"0":10,"1":7,"2":10},"f":{"0":7},"b":{}}
,"C:\\Users\\Mathe\\source\\pessoal\\clean-kind-app\\src\\infra\\validators\\index.ts": {"path":"C:\\Users\\Mathe\\source\\pessoal\\clean-kind-app\\src\\infra\\validators\\index.ts","statementMap":{"0":{"start":{"line":1,"column":0},"end":{"line":1,"column":41}}},"fnMap":{},"branchMap":{},"s":{"0":10},"f":{},"b":{}}
,"C:\\Users\\Mathe\\source\\pessoal\\clean-kind-app\\src\\presentation\\controllers\\add-creature-controller.ts": {"path":"C:\\Users\\Mathe\\source\\pessoal\\clean-kind-app\\src\\presentation\\controllers\\add-creature-controller.ts","statementMap":{"0":{"start":{"line":2,"column":0},"end":{"line":2,"column":75}},"1":{"start":{"line":7,"column":21},"end":{"line":7,"column":43}},"2":{"start":{"line":8,"column":21},"end":{"line":8,"column":45}},"3":{"start":{"line":12,"column":4},"end":{"line":23,"column":null}},"4":{"start":{"line":13,"column":20},"end":{"line":13,"column":53}},"5":{"start":{"line":14,"column":6},"end":{"line":16,"column":null}},"6":{"start":{"line":15,"column":8},"end":{"line":15,"column":null}},"7":{"start":{"line":17,"column":6},"end":{"line":19,"column":null}},"8":{"start":{"line":20,"column":6},"end":{"line":20,"column":null}},"9":{"start":{"line":22,"column":6},"end":{"line":22,"column":null}},"10":{"start":{"line":5,"column":0},"end":{"line":5,"column":13}}},"fnMap":{"0":{"name":"(anonymous_0)","decl":{"start":{"line":6,"column":2},"end":{"line":6,"column":null}},"loc":{"start":{"line":8,"column":45},"end":{"line":9,"column":6}}},"1":{"name":"(anonymous_1)","decl":{"start":{"line":11,"column":2},"end":{"line":11,"column":7}},"loc":{"start":{"line":11,"column":54},"end":{"line":24,"column":3}}}},"branchMap":{"0":{"loc":{"start":{"line":14,"column":6},"end":{"line":16,"column":null}},"type":"if","locations":[{"start":{"line":14,"column":6},"end":{"line":16,"column":null}},{"start":{"line":14,"column":6},"end":{"line":16,"column":null}}]}},"s":{"0":13,"1":11,"2":11,"3":5,"4":5,"5":5,"6":1,"7":4,"8":3,"9":1,"10":13},"f":{"0":11,"1":5},"b":{"0":[1,4]}}
,"C:\\Users\\Mathe\\source\\pessoal\\clean-kind-app\\src\\presentation\\controllers\\index.ts": {"path":"C:\\Users\\Mathe\\source\\pessoal\\clean-kind-app\\src\\presentation\\controllers\\index.ts","statementMap":{"0":{"start":{"line":1,"column":0},"end":{"line":1,"column":41}},"1":{"start":{"line":2,"column":0},"end":{"line":2,"column":43}},"2":{"start":{"line":3,"column":0},"end":{"line":3,"column":42}},"3":{"start":{"line":4,"column":0},"end":{"line":4,"column":34}},"4":{"start":{"line":5,"column":0},"end":{"line":5,"column":35}}},"fnMap":{},"branchMap":{},"s":{"0":13,"1":13,"2":13,"3":13,"4":13},"f":{},"b":{}}
,"C:\\Users\\Mathe\\source\\pessoal\\clean-kind-app\\src\\presentation\\controllers\\load-creature-controller.ts": {"path":"C:\\Users\\Mathe\\source\\pessoal\\clean-kind-app\\src\\presentation\\controllers\\load-creature-controller.ts","statementMap":{"0":{"start":{"line":2,"column":0},"end":{"line":2,"column":67}},"1":{"start":{"line":6,"column":32},"end":{"line":6,"column":60}},"2":{"start":{"line":9,"column":4},"end":{"line":14,"column":null}},"3":{"start":{"line":10,"column":23},"end":{"line":10,"column":71}},"4":{"start":{"line":11,"column":6},"end":{"line":11,"column":null}},"5":{"start":{"line":13,"column":6},"end":{"line":13,"column":null}},"6":{"start":{"line":5,"column":0},"end":{"line":5,"column":13}}},"fnMap":{"0":{"name":"(anonymous_0)","decl":{"start":{"line":6,"column":2},"end":{"line":6,"column":32}},"loc":{"start":{"line":6,"column":60},"end":{"line":6,"column":64}}},"1":{"name":"(anonymous_1)","decl":{"start":{"line":8,"column":2},"end":{"line":8,"column":7}},"loc":{"start":{"line":8,"column":56},"end":{"line":15,"column":3}}}},"branchMap":{"0":{"loc":{"start":{"line":11,"column":31},"end":{"line":11,"column":43}},"type":"cond-expr","locations":[{"start":{"line":11,"column":31},"end":{"line":11,"column":43}},{"start":{"line":11,"column":46},"end":{"line":11,"column":57}}]}},"s":{"0":13,"1":10,"2":5,"3":5,"4":4,"5":1,"6":13},"f":{"0":10,"1":5},"b":{"0":[2,2]}}
,"C:\\Users\\Mathe\\source\\pessoal\\clean-kind-app\\src\\presentation\\controllers\\load-creatures-controller.ts": {"path":"C:\\Users\\Mathe\\source\\pessoal\\clean-kind-app\\src\\presentation\\controllers\\load-creatures-controller.ts","statementMap":{"0":{"start":{"line":2,"column":0},"end":{"line":2,"column":67}},"1":{"start":{"line":6,"column":32},"end":{"line":6,"column":62}},"2":{"start":{"line":9,"column":4},"end":{"line":14,"column":null}},"3":{"start":{"line":10,"column":23},"end":{"line":10,"column":63}},"4":{"start":{"line":11,"column":6},"end":{"line":11,"column":null}},"5":{"start":{"line":13,"column":6},"end":{"line":13,"column":null}},"6":{"start":{"line":5,"column":0},"end":{"line":5,"column":13}}},"fnMap":{"0":{"name":"(anonymous_0)","decl":{"start":{"line":6,"column":2},"end":{"line":6,"column":32}},"loc":{"start":{"line":6,"column":62},"end":{"line":6,"column":66}}},"1":{"name":"(anonymous_1)","decl":{"start":{"line":8,"column":2},"end":{"line":8,"column":7}},"loc":{"start":{"line":8,"column":55},"end":{"line":15,"column":3}}}},"branchMap":{"0":{"loc":{"start":{"line":11,"column":24},"end":{"line":11,"column":36}},"type":"cond-expr","locations":[{"start":{"line":11,"column":24},"end":{"line":11,"column":36}},{"start":{"line":11,"column":39},"end":{"line":11,"column":50}}]}},"s":{"0":13,"1":6,"2":0,"3":0,"4":0,"5":0,"6":13},"f":{"0":6,"1":0},"b":{"0":[0,0]}}
,"C:\\Users\\Mathe\\source\\pessoal\\clean-kind-app\\src\\presentation\\controllers\\login-controller.ts": {"path":"C:\\Users\\Mathe\\source\\pessoal\\clean-kind-app\\src\\presentation\\controllers\\login-controller.ts","statementMap":{"0":{"start":{"line":2,"column":0},"end":{"line":2,"column":82}},"1":{"start":{"line":7,"column":21},"end":{"line":7,"column":51}},"2":{"start":{"line":8,"column":21},"end":{"line":8,"column":43}},"3":{"start":{"line":12,"column":4},"end":{"line":24,"column":null}},"4":{"start":{"line":13,"column":20},"end":{"line":13,"column":53}},"5":{"start":{"line":14,"column":6},"end":{"line":16,"column":null}},"6":{"start":{"line":15,"column":8},"end":{"line":15,"column":null}},"7":{"start":{"line":17,"column":34},"end":{"line":17,"column":73}},"8":{"start":{"line":18,"column":6},"end":{"line":20,"column":null}},"9":{"start":{"line":19,"column":8},"end":{"line":19,"column":null}},"10":{"start":{"line":21,"column":6},"end":{"line":21,"column":null}},"11":{"start":{"line":23,"column":6},"end":{"line":23,"column":null}},"12":{"start":{"line":5,"column":0},"end":{"line":5,"column":13}}},"fnMap":{"0":{"name":"(anonymous_0)","decl":{"start":{"line":6,"column":2},"end":{"line":6,"column":null}},"loc":{"start":{"line":8,"column":43},"end":{"line":9,"column":6}}},"1":{"name":"(anonymous_1)","decl":{"start":{"line":11,"column":2},"end":{"line":11,"column":7}},"loc":{"start":{"line":11,"column":48},"end":{"line":25,"column":3}}}},"branchMap":{"0":{"loc":{"start":{"line":14,"column":6},"end":{"line":16,"column":null}},"type":"if","locations":[{"start":{"line":14,"column":6},"end":{"line":16,"column":null}},{"start":{"line":14,"column":6},"end":{"line":16,"column":null}}]},"1":{"loc":{"start":{"line":18,"column":6},"end":{"line":20,"column":null}},"type":"if","locations":[{"start":{"line":18,"column":6},"end":{"line":20,"column":null}},{"start":{"line":18,"column":6},"end":{"line":20,"column":null}}]}},"s":{"0":13,"1":12,"2":12,"3":8,"4":8,"5":8,"6":1,"7":7,"8":6,"9":2,"10":4,"11":1,"12":13},"f":{"0":12,"1":8},"b":{"0":[1,7],"1":[2,4]}}
,"C:\\Users\\Mathe\\source\\pessoal\\clean-kind-app\\src\\presentation\\controllers\\signup-controller.ts": {"path":"C:\\Users\\Mathe\\source\\pessoal\\clean-kind-app\\src\\presentation\\controllers\\signup-controller.ts","statementMap":{"0":{"start":{"line":2,"column":0},"end":{"line":2,"column":79}},"1":{"start":{"line":3,"column":0},"end":{"line":3,"column":55}},"2":{"start":{"line":8,"column":21},"end":{"line":8,"column":43}},"3":{"start":{"line":9,"column":21},"end":{"line":9,"column":43}},"4":{"start":{"line":10,"column":21},"end":{"line":10,"column":51}},"5":{"start":{"line":14,"column":4},"end":{"line":35,"column":null}},"6":{"start":{"line":15,"column":20},"end":{"line":15,"column":53}},"7":{"start":{"line":16,"column":6},"end":{"line":18,"column":null}},"8":{"start":{"line":17,"column":8},"end":{"line":17,"column":null}},"9":{"start":{"line":19,"column":40},"end":{"line":19,"column":47}},"10":{"start":{"line":20,"column":22},"end":{"line":24,"column":8}},"11":{"start":{"line":25,"column":6},"end":{"line":27,"column":null}},"12":{"start":{"line":26,"column":8},"end":{"line":26,"column":null}},"13":{"start":{"line":28,"column":34},"end":{"line":31,"column":8}},"14":{"start":{"line":32,"column":6},"end":{"line":32,"column":null}},"15":{"start":{"line":34,"column":6},"end":{"line":34,"column":null}},"16":{"start":{"line":6,"column":0},"end":{"line":6,"column":13}}},"fnMap":{"0":{"name":"(anonymous_0)","decl":{"start":{"line":7,"column":2},"end":{"line":7,"column":null}},"loc":{"start":{"line":10,"column":51},"end":{"line":11,"column":6}}},"1":{"name":"(anonymous_1)","decl":{"start":{"line":13,"column":2},"end":{"line":13,"column":7}},"loc":{"start":{"line":13,"column":49},"end":{"line":36,"column":3}}}},"branchMap":{"0":{"loc":{"start":{"line":16,"column":6},"end":{"line":18,"column":null}},"type":"if","locations":[{"start":{"line":16,"column":6},"end":{"line":18,"column":null}},{"start":{"line":16,"column":6},"end":{"line":18,"column":null}}]},"1":{"loc":{"start":{"line":25,"column":6},"end":{"line":27,"column":null}},"type":"if","locations":[{"start":{"line":25,"column":6},"end":{"line":27,"column":null}},{"start":{"line":25,"column":6},"end":{"line":27,"column":null}}]}},"s":{"0":13,"1":13,"2":14,"3":14,"4":14,"5":10,"6":10,"7":10,"8":1,"9":9,"10":9,"11":8,"12":2,"13":6,"14":5,"15":2,"16":13},"f":{"0":14,"1":10},"b":{"0":[1,9],"1":[2,6]}}
,"C:\\Users\\Mathe\\source\\pessoal\\clean-kind-app\\src\\presentation\\errors\\access-denied-error.ts": {"path":"C:\\Users\\Mathe\\source\\pessoal\\clean-kind-app\\src\\presentation\\errors\\access-denied-error.ts","statementMap":{"0":{"start":{"line":3,"column":4},"end":{"line":3,"column":null}},"1":{"start":{"line":4,"column":4},"end":{"line":4,"column":null}},"2":{"start":{"line":1,"column":0},"end":{"line":1,"column":13}}},"fnMap":{"0":{"name":"(anonymous_0)","decl":{"start":{"line":2,"column":2},"end":{"line":2,"column":null}},"loc":{"start":{"line":2,"column":2},"end":{"line":5,"column":3}}}},"branchMap":{},"s":{"0":4,"1":4,"2":19},"f":{"0":4},"b":{}}
,"C:\\Users\\Mathe\\source\\pessoal\\clean-kind-app\\src\\presentation\\errors\\email-in-use-error.ts": {"path":"C:\\Users\\Mathe\\source\\pessoal\\clean-kind-app\\src\\presentation\\errors\\email-in-use-error.ts","statementMap":{"0":{"start":{"line":3,"column":4},"end":{"line":3,"column":null}},"1":{"start":{"line":4,"column":4},"end":{"line":4,"column":null}},"2":{"start":{"line":1,"column":0},"end":{"line":1,"column":13}}},"fnMap":{"0":{"name":"(anonymous_0)","decl":{"start":{"line":2,"column":2},"end":{"line":2,"column":null}},"loc":{"start":{"line":2,"column":2},"end":{"line":5,"column":3}}}},"branchMap":{},"s":{"0":3,"1":3,"2":19},"f":{"0":3},"b":{}}
,"C:\\Users\\Mathe\\source\\pessoal\\clean-kind-app\\src\\presentation\\errors\\index.ts": {"path":"C:\\Users\\Mathe\\source\\pessoal\\clean-kind-app\\src\\presentation\\errors\\index.ts","statementMap":{"0":{"start":{"line":1,"column":0},"end":{"line":1,"column":37}},"1":{"start":{"line":2,"column":0},"end":{"line":2,"column":37}},"2":{"start":{"line":3,"column":0},"end":{"line":3,"column":30}},"3":{"start":{"line":4,"column":0},"end":{"line":4,"column":36}},"4":{"start":{"line":5,"column":0},"end":{"line":5,"column":36}},"5":{"start":{"line":6,"column":0},"end":{"line":6,"column":37}}},"fnMap":{},"branchMap":{},"s":{"0":19,"1":19,"2":19,"3":19,"4":19,"5":19},"f":{},"b":{}}
,"C:\\Users\\Mathe\\source\\pessoal\\clean-kind-app\\src\\presentation\\errors\\invalid-param-error.ts": {"path":"C:\\Users\\Mathe\\source\\pessoal\\clean-kind-app\\src\\presentation\\errors\\invalid-param-error.ts","statementMap":{"0":{"start":{"line":3,"column":4},"end":{"line":3,"column":null}},"1":{"start":{"line":4,"column":4},"end":{"line":4,"column":null}},"2":{"start":{"line":1,"column":0},"end":{"line":1,"column":13}}},"fnMap":{"0":{"name":"(anonymous_0)","decl":{"start":{"line":2,"column":2},"end":{"line":2,"column":15}},"loc":{"start":{"line":2,"column":32},"end":{"line":5,"column":3}}}},"branchMap":{},"s":{"0":4,"1":4,"2":19},"f":{"0":4},"b":{}}
,"C:\\Users\\Mathe\\source\\pessoal\\clean-kind-app\\src\\presentation\\errors\\missing-param-error.ts": {"path":"C:\\Users\\Mathe\\source\\pessoal\\clean-kind-app\\src\\presentation\\errors\\missing-param-error.ts","statementMap":{"0":{"start":{"line":3,"column":4},"end":{"line":3,"column":null}},"1":{"start":{"line":4,"column":4},"end":{"line":4,"column":null}},"2":{"start":{"line":1,"column":0},"end":{"line":1,"column":13}}},"fnMap":{"0":{"name":"(anonymous_0)","decl":{"start":{"line":2,"column":2},"end":{"line":2,"column":15}},"loc":{"start":{"line":2,"column":32},"end":{"line":5,"column":3}}}},"branchMap":{},"s":{"0":6,"1":6,"2":19},"f":{"0":6},"b":{}}
,"C:\\Users\\Mathe\\source\\pessoal\\clean-kind-app\\src\\presentation\\errors\\server-error.ts": {"path":"C:\\Users\\Mathe\\source\\pessoal\\clean-kind-app\\src\\presentation\\errors\\server-error.ts","statementMap":{"0":{"start":{"line":3,"column":4},"end":{"line":3,"column":null}},"1":{"start":{"line":4,"column":4},"end":{"line":4,"column":null}},"2":{"start":{"line":5,"column":4},"end":{"line":5,"column":null}},"3":{"start":{"line":1,"column":0},"end":{"line":1,"column":13}}},"fnMap":{"0":{"name":"(anonymous_0)","decl":{"start":{"line":2,"column":2},"end":{"line":2,"column":15}},"loc":{"start":{"line":2,"column":28},"end":{"line":6,"column":3}}}},"branchMap":{},"s":{"0":14,"1":14,"2":14,"3":19},"f":{"0":14},"b":{}}
,"C:\\Users\\Mathe\\source\\pessoal\\clean-kind-app\\src\\presentation\\errors\\unauthorized-error.ts": {"path":"C:\\Users\\Mathe\\source\\pessoal\\clean-kind-app\\src\\presentation\\errors\\unauthorized-error.ts","statementMap":{"0":{"start":{"line":3,"column":4},"end":{"line":3,"column":null}},"1":{"start":{"line":4,"column":4},"end":{"line":4,"column":null}},"2":{"start":{"line":1,"column":0},"end":{"line":1,"column":13}}},"fnMap":{"0":{"name":"(anonymous_0)","decl":{"start":{"line":2,"column":2},"end":{"line":2,"column":null}},"loc":{"start":{"line":2,"column":2},"end":{"line":5,"column":3}}}},"branchMap":{},"s":{"0":3,"1":3,"2":19},"f":{"0":3},"b":{}}
,"C:\\Users\\Mathe\\source\\pessoal\\clean-kind-app\\src\\presentation\\helpers\\http-helper.ts": {"path":"C:\\Users\\Mathe\\source\\pessoal\\clean-kind-app\\src\\presentation\\helpers\\http-helper.ts","statementMap":{"0":{"start":{"line":2,"column":0},"end":{"line":2,"column":70}},"1":{"start":{"line":4,"column":26},"end":{"line":7,"column":2}},"2":{"start":{"line":4,"column":59},"end":{"line":7,"column":2}},"3":{"start":{"line":4,"column":13},"end":{"line":4,"column":26}},"4":{"start":{"line":9,"column":25},"end":{"line":12,"column":2}},"5":{"start":{"line":9,"column":58},"end":{"line":12,"column":2}},"6":{"start":{"line":9,"column":13},"end":{"line":9,"column":25}},"7":{"start":{"line":14,"column":28},"end":{"line":17,"column":2}},"8":{"start":{"line":14,"column":49},"end":{"line":17,"column":2}},"9":{"start":{"line":14,"column":13},"end":{"line":14,"column":28}},"10":{"start":{"line":19,"column":27},"end":{"line":22,"column":2}},"11":{"start":{"line":19,"column":60},"end":{"line":22,"column":2}},"12":{"start":{"line":19,"column":13},"end":{"line":19,"column":27}},"13":{"start":{"line":24,"column":18},"end":{"line":27,"column":2}},"14":{"start":{"line":24,"column":48},"end":{"line":27,"column":2}},"15":{"start":{"line":24,"column":13},"end":{"line":24,"column":18}},"16":{"start":{"line":29,"column":25},"end":{"line":32,"column":2}},"17":{"start":{"line":29,"column":46},"end":{"line":32,"column":2}},"18":{"start":{"line":29,"column":13},"end":{"line":29,"column":25}}},"fnMap":{"0":{"name":"(anonymous_0)","decl":{"start":{"line":4,"column":26},"end":{"line":4,"column":27}},"loc":{"start":{"line":4,"column":59},"end":{"line":7,"column":2}}},"1":{"name":"(anonymous_1)","decl":{"start":{"line":9,"column":25},"end":{"line":9,"column":26}},"loc":{"start":{"line":9,"column":58},"end":{"line":12,"column":2}}},"2":{"name":"(anonymous_2)","decl":{"start":{"line":14,"column":28},"end":{"line":14,"column":45}},"loc":{"start":{"line":14,"column":49},"end":{"line":17,"column":2}}},"3":{"name":"(anonymous_3)","decl":{"start":{"line":19,"column":27},"end":{"line":19,"column":28}},"loc":{"start":{"line":19,"column":60},"end":{"line":22,"column":2}}},"4":{"name":"(anonymous_4)","decl":{"start":{"line":24,"column":18},"end":{"line":24,"column":19}},"loc":{"start":{"line":24,"column":48},"end":{"line":27,"column":2}}},"5":{"name":"(anonymous_5)","decl":{"start":{"line":29,"column":25},"end":{"line":29,"column":42}},"loc":{"start":{"line":29,"column":46},"end":{"line":32,"column":2}}}},"branchMap":{},"s":{"0":15,"1":15,"2":6,"3":15,"4":15,"5":7,"6":15,"7":15,"8":3,"9":15,"10":15,"11":13,"12":15,"13":15,"14":20,"15":15,"16":15,"17":7,"18":15},"f":{"0":6,"1":7,"2":3,"3":13,"4":20,"5":7},"b":{}}
,"C:\\Users\\Mathe\\source\\pessoal\\clean-kind-app\\src\\presentation\\helpers\\index.ts": {"path":"C:\\Users\\Mathe\\source\\pessoal\\clean-kind-app\\src\\presentation\\helpers\\index.ts","statementMap":{"0":{"start":{"line":1,"column":0},"end":{"line":1,"column":29}}},"fnMap":{},"branchMap":{},"s":{"0":15},"f":{},"b":{}}
,"C:\\Users\\Mathe\\source\\pessoal\\clean-kind-app\\src\\presentation\\middlewares\\auth-middleware.ts": {"path":"C:\\Users\\Mathe\\source\\pessoal\\clean-kind-app\\src\\presentation\\middlewares\\auth-middleware.ts","statementMap":{"0":{"start":{"line":2,"column":0},"end":{"line":2,"column":67}},"1":{"start":{"line":3,"column":0},"end":{"line":3,"column":57}},"2":{"start":{"line":8,"column":21},"end":{"line":8,"column":59}},"3":{"start":{"line":9,"column":21},"end":{"line":9,"column":34}},"4":{"start":{"line":13,"column":4},"end":{"line":24,"column":null}},"5":{"start":{"line":14,"column":30},"end":{"line":14,"column":37}},"6":{"start":{"line":15,"column":6},"end":{"line":20,"column":null}},"7":{"start":{"line":16,"column":24},"end":{"line":16,"column":82}},"8":{"start":{"line":17,"column":8},"end":{"line":19,"column":null}},"9":{"start":{"line":18,"column":10},"end":{"line":18,"column":null}},"10":{"start":{"line":21,"column":6},"end":{"line":21,"column":null}},"11":{"start":{"line":23,"column":6},"end":{"line":23,"column":null}},"12":{"start":{"line":6,"column":0},"end":{"line":6,"column":13}}},"fnMap":{"0":{"name":"(anonymous_0)","decl":{"start":{"line":7,"column":2},"end":{"line":7,"column":null}},"loc":{"start":{"line":9,"column":34},"end":{"line":10,"column":6}}},"1":{"name":"(anonymous_1)","decl":{"start":{"line":12,"column":2},"end":{"line":12,"column":7}},"loc":{"start":{"line":12,"column":47},"end":{"line":25,"column":3}}}},"branchMap":{"0":{"loc":{"start":{"line":15,"column":6},"end":{"line":20,"column":null}},"type":"if","locations":[{"start":{"line":15,"column":6},"end":{"line":20,"column":null}},{"start":{"line":15,"column":6},"end":{"line":20,"column":null}}]},"1":{"loc":{"start":{"line":17,"column":8},"end":{"line":19,"column":null}},"type":"if","locations":[{"start":{"line":17,"column":8},"end":{"line":19,"column":null}},{"start":{"line":17,"column":8},"end":{"line":19,"column":null}}]}},"s":{"0":10,"1":10,"2":11,"3":11,"4":5,"5":5,"6":5,"7":4,"8":3,"9":2,"10":2,"11":1,"12":10},"f":{"0":11,"1":5},"b":{"0":[4,1],"1":[2,1]}}
,"C:\\Users\\Mathe\\source\\pessoal\\clean-kind-app\\src\\presentation\\middlewares\\index.ts": {"path":"C:\\Users\\Mathe\\source\\pessoal\\clean-kind-app\\src\\presentation\\middlewares\\index.ts","statementMap":{"0":{"start":{"line":1,"column":0},"end":{"line":1,"column":33}}},"fnMap":{},"branchMap":{},"s":{"0":10},"f":{},"b":{}}
,"C:\\Users\\Mathe\\source\\pessoal\\clean-kind-app\\src\\validation\\validators\\compare-fields-validation.ts": {"path":"C:\\Users\\Mathe\\source\\pessoal\\clean-kind-app\\src\\validation\\validators\\compare-fields-validation.ts","statementMap":{"0":{"start":{"line":2,"column":0},"end":{"line":2,"column":57}},"1":{"start":{"line":6,"column":21},"end":{"line":6,"column":38}},"2":{"start":{"line":7,"column":21},"end":{"line":7,"column":47}},"3":{"start":{"line":11,"column":4},"end":{"line":13,"column":null}},"4":{"start":{"line":12,"column":6},"end":{"line":12,"column":null}},"5":{"start":{"line":4,"column":0},"end":{"line":4,"column":13}}},"fnMap":{"0":{"name":"(anonymous_0)","decl":{"start":{"line":5,"column":2},"end":{"line":5,"column":null}},"loc":{"start":{"line":7,"column":47},"end":{"line":8,"column":6}}},"1":{"name":"(anonymous_1)","decl":{"start":{"line":10,"column":2},"end":{"line":10,"column":10}},"loc":{"start":{"line":10,"column":22},"end":{"line":14,"column":3}}}},"branchMap":{"0":{"loc":{"start":{"line":11,"column":4},"end":{"line":13,"column":null}},"type":"if","locations":[{"start":{"line":11,"column":4},"end":{"line":13,"column":null}},{"start":{"line":11,"column":4},"end":{"line":13,"column":null}}]}},"s":{"0":13,"1":2,"2":2,"3":2,"4":1,"5":13},"f":{"0":2,"1":2},"b":{"0":[1,1]}}
,"C:\\Users\\Mathe\\source\\pessoal\\clean-kind-app\\src\\validation\\validators\\email-validation.ts": {"path":"C:\\Users\\Mathe\\source\\pessoal\\clean-kind-app\\src\\validation\\validators\\email-validation.ts","statementMap":{"0":{"start":{"line":3,"column":0},"end":{"line":3,"column":57}},"1":{"start":{"line":7,"column":21},"end":{"line":7,"column":38}},"2":{"start":{"line":8,"column":21},"end":{"line":8,"column":51}},"3":{"start":{"line":12,"column":20},"end":{"line":12,"column":70}},"4":{"start":{"line":13,"column":4},"end":{"line":15,"column":null}},"5":{"start":{"line":14,"column":6},"end":{"line":14,"column":null}},"6":{"start":{"line":5,"column":0},"end":{"line":5,"column":13}}},"fnMap":{"0":{"name":"(anonymous_0)","decl":{"start":{"line":6,"column":2},"end":{"line":6,"column":null}},"loc":{"start":{"line":8,"column":51},"end":{"line":9,"column":6}}},"1":{"name":"(anonymous_1)","decl":{"start":{"line":11,"column":2},"end":{"line":11,"column":10}},"loc":{"start":{"line":11,"column":22},"end":{"line":16,"column":3}}}},"branchMap":{"0":{"loc":{"start":{"line":13,"column":4},"end":{"line":15,"column":null}},"type":"if","locations":[{"start":{"line":13,"column":4},"end":{"line":15,"column":null}},{"start":{"line":13,"column":4},"end":{"line":15,"column":null}}]}},"s":{"0":13,"1":19,"2":19,"3":7,"4":6,"5":1,"6":13},"f":{"0":19,"1":7},"b":{"0":[1,5]}}
,"C:\\Users\\Mathe\\source\\pessoal\\clean-kind-app\\src\\validation\\validators\\index.ts": {"path":"C:\\Users\\Mathe\\source\\pessoal\\clean-kind-app\\src\\validation\\validators\\index.ts","statementMap":{"0":{"start":{"line":1,"column":0},"end":{"line":1,"column":34}},"1":{"start":{"line":2,"column":0},"end":{"line":2,"column":43}},"2":{"start":{"line":3,"column":0},"end":{"line":3,"column":38}},"3":{"start":{"line":4,"column":0},"end":{"line":4,"column":43}}},"fnMap":{},"branchMap":{},"s":{"0":13,"1":13,"2":13,"3":13},"f":{},"b":{}}
,"C:\\Users\\Mathe\\source\\pessoal\\clean-kind-app\\src\\validation\\validators\\required-field-validation.ts": {"path":"C:\\Users\\Mathe\\source\\pessoal\\clean-kind-app\\src\\validation\\validators\\required-field-validation.ts","statementMap":{"0":{"start":{"line":2,"column":0},"end":{"line":2,"column":57}},"1":{"start":{"line":5,"column":32},"end":{"line":5,"column":49}},"2":{"start":{"line":8,"column":4},"end":{"line":10,"column":null}},"3":{"start":{"line":9,"column":6},"end":{"line":9,"column":null}},"4":{"start":{"line":4,"column":0},"end":{"line":4,"column":13}}},"fnMap":{"0":{"name":"(anonymous_0)","decl":{"start":{"line":5,"column":2},"end":{"line":5,"column":32}},"loc":{"start":{"line":5,"column":49},"end":{"line":5,"column":53}}},"1":{"name":"(anonymous_1)","decl":{"start":{"line":7,"column":2},"end":{"line":7,"column":10}},"loc":{"start":{"line":7,"column":22},"end":{"line":11,"column":3}}}},"branchMap":{"0":{"loc":{"start":{"line":8,"column":4},"end":{"line":10,"column":null}},"type":"if","locations":[{"start":{"line":8,"column":4},"end":{"line":10,"column":null}},{"start":{"line":8,"column":4},"end":{"line":10,"column":null}}]}},"s":{"0":13,"1":50,"2":12,"3":1,"4":13},"f":{"0":50,"1":12},"b":{"0":[1,11]}}
,"C:\\Users\\Mathe\\source\\pessoal\\clean-kind-app\\src\\validation\\validators\\validation-composite.ts": {"path":"C:\\Users\\Mathe\\source\\pessoal\\clean-kind-app\\src\\validation\\validators\\validation-composite.ts","statementMap":{"0":{"start":{"line":4,"column":32},"end":{"line":4,"column":57}},"1":{"start":{"line":7,"column":4},"end":{"line":12,"column":null}},"2":{"start":{"line":8,"column":20},"end":{"line":8,"column":46}},"3":{"start":{"line":9,"column":6},"end":{"line":11,"column":null}},"4":{"start":{"line":10,"column":8},"end":{"line":10,"column":null}},"5":{"start":{"line":3,"column":0},"end":{"line":3,"column":13}}},"fnMap":{"0":{"name":"(anonymous_0)","decl":{"start":{"line":4,"column":2},"end":{"line":4,"column":32}},"loc":{"start":{"line":4,"column":57},"end":{"line":4,"column":61}}},"1":{"name":"(anonymous_1)","decl":{"start":{"line":6,"column":2},"end":{"line":6,"column":10}},"loc":{"start":{"line":6,"column":22},"end":{"line":13,"column":3}}}},"branchMap":{"0":{"loc":{"start":{"line":9,"column":6},"end":{"line":11,"column":null}},"type":"if","locations":[{"start":{"line":9,"column":6},"end":{"line":11,"column":null}},{"start":{"line":9,"column":6},"end":{"line":11,"column":null}}]}},"s":{"0":21,"1":7,"2":19,"3":19,"4":2,"5":13},"f":{"0":21,"1":7},"b":{"0":[2,17]}}
}
