TN:
SF:src\data\usecases\db-add-account.ts
FN:5,(anonymous_0)
FN:11,(anonymous_1)
FNF:2
FNH:2
FNDA:14,(anonymous_0)
FNDA:10,(anonymous_1)
DA:4,13
DA:6,14
DA:7,14
DA:8,14
DA:12,10
DA:13,10
DA:14,10
DA:15,8
DA:16,7
DA:18,8
LF:10
LH:10
BRDA:14,0,0,8
BRDA:14,0,1,2
BRF:2
BRH:2
end_of_record
TN:
SF:src\data\usecases\db-add-creature.ts
FN:5,(anonymous_0)
FN:7,(anonymous_1)
FNF:2
FNH:2
FNDA:8,(anonymous_0)
FNDA:2,(anonymous_1)
DA:4,13
DA:5,8
DA:8,2
LF:3
LH:3
BRF:0
BRH:0
end_of_record
TN:
SF:src\data\usecases\db-authentication.ts
FN:5,(anonymous_0)
FN:12,(anonymous_1)
FNF:2
FNH:2
FNDA:12,(anonymous_0)
FNDA:3,(anonymous_1)
DA:4,13
DA:6,12
DA:7,12
DA:8,12
DA:9,12
DA:13,3
DA:14,3
DA:15,2
DA:16,2
DA:17,2
DA:18,2
DA:19,2
DA:25,1
LF:13
LH:13
BRDA:14,0,0,2
BRDA:14,0,1,1
BRDA:16,1,0,2
BRDA:16,1,1,0
BRF:4
BRH:3
end_of_record
TN:
SF:src\data\usecases\db-load-account-by-token.ts
FN:5,(anonymous_0)
FN:10,(anonymous_1)
FNF:2
FNH:1
FNDA:6,(anonymous_0)
FNDA:0,(anonymous_1)
DA:4,13
DA:6,6
DA:7,6
DA:12,0
DA:13,0
DA:15,0
DA:17,0
DA:18,0
DA:19,0
DA:20,0
DA:23,0
LF:11
LH:3
BRDA:17,0,0,0
BRDA:17,0,1,0
BRDA:19,1,0,0
BRDA:19,1,1,0
BRF:4
BRH:0
end_of_record
TN:
SF:src\data\usecases\db-load-creature-by-id.ts
FN:5,(anonymous_0)
FN:9,(anonymous_1)
FNF:2
FNH:2
FNDA:10,(anonymous_0)
FNDA:4,(anonymous_1)
DA:4,13
DA:6,10
DA:10,4
DA:11,3
DA:12,2
DA:14,1
LF:6
LH:6
BRDA:11,0,0,2
BRDA:11,0,1,1
BRF:2
BRH:2
end_of_record
TN:
SF:src\data\usecases\db-load-creatures.ts
FN:5,(anonymous_0)
FN:7,(anonymous_1)
FNF:2
FNH:2
FNDA:9,(anonymous_0)
FNDA:4,(anonymous_1)
DA:4,13
DA:5,9
DA:8,4
LF:3
LH:3
BRF:0
BRH:0
end_of_record
TN:
SF:src\data\usecases\index.ts
FNF:0
FNH:0
DA:1,13
DA:2,13
DA:3,13
DA:4,13
DA:5,13
DA:6,13
LF:6
LH:6
BRF:0
BRH:0
end_of_record
TN:
SF:src\infra\cryptography\bcrypt-adapter.ts
FN:6,(anonymous_1)
FN:8,(anonymous_2)
FN:12,(anonymous_3)
FNF:3
FNH:3
FNDA:25,(anonymous_1)
FNDA:4,(anonymous_2)
FNDA:6,(anonymous_3)
DA:3,11
DA:5,11
DA:6,25
DA:9,4
DA:13,6
LF:5
LH:5
BRF:0
BRH:0
end_of_record
TN:
SF:src\infra\cryptography\index.ts
FNF:0
FNH:0
DA:1,11
DA:2,11
LF:2
LH:2
BRF:0
BRH:0
end_of_record
TN:
SF:src\infra\cryptography\jwt-adapter.ts
FN:6,(anonymous_1)
FN:8,(anonymous_2)
FN:12,(anonymous_3)
FNF:3
FNH:3
FNDA:24,(anonymous_1)
FNDA:5,(anonymous_2)
FNDA:3,(anonymous_3)
DA:3,11
DA:5,11
DA:6,24
DA:9,5
DA:13,3
LF:5
LH:5
BRF:0
BRH:0
end_of_record
TN:
SF:src\infra\db\index.ts
FNF:0
FNH:0
DA:1,13
LF:1
LH:1
BRF:0
BRH:0
end_of_record
TN:
SF:src\infra\db\mongodb\account-mongo-repository.ts
FN:5,(anonymous_0)
FN:11,(anonymous_1)
FN:25,(anonymous_2)
FN:37,(anonymous_3)
FN:48,(anonymous_4)
FNF:5
FNH:5
FNDA:2,(anonymous_0)
FNDA:5,(anonymous_1)
FNDA:4,(anonymous_2)
FNDA:3,(anonymous_3)
FNDA:4,(anonymous_4)
DA:1,13
DA:4,13
DA:6,2
DA:7,2
DA:8,2
DA:12,5
DA:13,5
DA:22,5
DA:26,4
DA:27,4
DA:34,4
DA:38,3
DA:39,3
DA:49,4
DA:50,4
DA:57,4
LF:16
LH:16
BRDA:22,0,0,5
BRDA:22,0,1,3
BRDA:57,1,0,4
BRDA:57,1,1,3
BRF:4
BRH:4
end_of_record
TN:
SF:src\infra\db\mongodb\creature-mongo-repository.ts
FN:5,(anonymous_0)
FN:10,(anonymous_1)
FN:19,(anonymous_2)
FNF:3
FNH:3
FNDA:2,(anonymous_0)
FNDA:4,(anonymous_1)
FNDA:4,(anonymous_2)
DA:1,13
DA:4,13
DA:6,2
DA:7,2
DA:11,4
DA:12,4
DA:15,4
DA:16,4
DA:20,4
DA:21,4
DA:22,4
LF:11
LH:11
BRDA:22,0,0,4
BRDA:22,0,1,1
BRF:2
BRH:2
end_of_record
TN:
SF:src\infra\db\mongodb\index.ts
FNF:0
FNH:0
DA:1,13
DA:2,13
DA:3,13
DA:4,13
DA:5,13
LF:5
LH:5
BRF:0
BRH:0
end_of_record
TN:
SF:src\infra\db\mongodb\log-mongo-repository.ts
FN:5,(anonymous_0)
FNF:1
FNH:1
FNDA:1,(anonymous_0)
DA:1,13
DA:4,13
DA:6,1
DA:7,1
LF:4
LH:4
BRF:0
BRH:0
end_of_record
TN:
SF:src\infra\db\mongodb\mongo-helper.ts
FN:7,(anonymous_0)
FN:15,(anonymous_1)
FN:20,(anonymous_2)
FN:27,(anonymous_3)
FN:32,(anonymous_4)
FN:33,(anonymous_5)
FNF:6
FNH:6
FNDA:6,(anonymous_0)
FNDA:6,(anonymous_1)
FNDA:63,(anonymous_2)
FNDA:11,(anonymous_3)
FNDA:4,(anonymous_4)
FNDA:4,(anonymous_5)
DA:1,13
DA:3,13
DA:8,6
DA:9,6
DA:16,6
DA:17,6
DA:21,63
DA:22,0
DA:24,63
DA:28,11
DA:29,11
DA:33,4
LF:12
LH:11
BRDA:21,0,0,0
BRDA:21,0,1,63
BRDA:21,1,0,0
BRDA:21,1,1,63
BRDA:21,2,0,63
BRDA:21,2,1,63
BRF:6
BRH:4
end_of_record
TN:
SF:src\infra\db\mongodb\query-builder.ts
FN:1,(anonymous_0)
FN:4,(anonymous_1)
FN:11,(anonymous_2)
FN:15,(anonymous_3)
FN:19,(anonymous_4)
FN:23,(anonymous_5)
FN:27,(anonymous_6)
FN:31,(anonymous_7)
FN:35,(anonymous_8)
FNF:9
FNH:4
FNDA:4,(anonymous_0)
FNDA:4,(anonymous_1)
FNDA:4,(anonymous_2)
FNDA:0,(anonymous_3)
FNDA:0,(anonymous_4)
FNDA:0,(anonymous_5)
FNDA:0,(anonymous_6)
FNDA:0,(anonymous_7)
FNDA:4,(anonymous_8)
DA:1,13
DA:2,4
DA:5,4
DA:8,4
DA:12,4
DA:16,0
DA:20,0
DA:24,0
DA:28,0
DA:32,0
DA:36,4
LF:11
LH:6
BRF:0
BRH:0
end_of_record
TN:
SF:src\infra\validators\email-validator-adapter.ts
FN:6,(anonymous_1)
FNF:1
FNH:1
FNDA:7,(anonymous_1)
DA:3,10
DA:5,10
DA:7,7
LF:3
LH:3
BRF:0
BRH:0
end_of_record
TN:
SF:src\infra\validators\index.ts
FNF:0
FNH:0
DA:1,10
LF:1
LH:1
BRF:0
BRH:0
end_of_record
TN:
SF:src\presentation\controllers\add-creature-controller.ts
FN:6,(anonymous_0)
FN:11,(anonymous_1)
FNF:2
FNH:2
FNDA:11,(anonymous_0)
FNDA:5,(anonymous_1)
DA:2,13
DA:5,13
DA:7,11
DA:8,11
DA:12,5
DA:13,5
DA:14,5
DA:15,1
DA:17,4
DA:20,3
DA:22,1
LF:11
LH:11
BRDA:14,0,0,1
BRDA:14,0,1,4
BRF:2
BRH:2
end_of_record
TN:
SF:src\presentation\controllers\index.ts
FNF:0
FNH:0
DA:1,13
DA:2,13
DA:3,13
DA:4,13
DA:5,13
LF:5
LH:5
BRF:0
BRH:0
end_of_record
TN:
SF:src\presentation\controllers\load-creature-controller.ts
FN:6,(anonymous_0)
FN:8,(anonymous_1)
FNF:2
FNH:2
FNDA:10,(anonymous_0)
FNDA:5,(anonymous_1)
DA:2,13
DA:5,13
DA:6,10
DA:9,5
DA:10,5
DA:11,4
DA:13,1
LF:7
LH:7
BRDA:11,0,0,2
BRDA:11,0,1,2
BRF:2
BRH:2
end_of_record
TN:
SF:src\presentation\controllers\load-creatures-controller.ts
FN:6,(anonymous_0)
FN:8,(anonymous_1)
FNF:2
FNH:1
FNDA:6,(anonymous_0)
FNDA:0,(anonymous_1)
DA:2,13
DA:5,13
DA:6,6
DA:9,0
DA:10,0
DA:11,0
DA:13,0
LF:7
LH:3
BRDA:11,0,0,0
BRDA:11,0,1,0
BRF:2
BRH:0
end_of_record
TN:
SF:src\presentation\controllers\login-controller.ts
FN:6,(anonymous_0)
FN:11,(anonymous_1)
FNF:2
FNH:2
FNDA:12,(anonymous_0)
FNDA:8,(anonymous_1)
DA:2,13
DA:5,13
DA:7,12
DA:8,12
DA:12,8
DA:13,8
DA:14,8
DA:15,1
DA:17,7
DA:18,6
DA:19,2
DA:21,4
DA:23,1
LF:13
LH:13
BRDA:14,0,0,1
BRDA:14,0,1,7
BRDA:18,1,0,2
BRDA:18,1,1,4
BRF:4
BRH:4
end_of_record
TN:
SF:src\presentation\controllers\signup-controller.ts
FN:7,(anonymous_0)
FN:13,(anonymous_1)
FNF:2
FNH:2
FNDA:14,(anonymous_0)
FNDA:10,(anonymous_1)
DA:2,13
DA:3,13
DA:6,13
DA:8,14
DA:9,14
DA:10,14
DA:14,10
DA:15,10
DA:16,10
DA:17,1
DA:19,9
DA:20,9
DA:25,8
DA:26,2
DA:28,6
DA:32,5
DA:34,2
LF:17
LH:17
BRDA:16,0,0,1
BRDA:16,0,1,9
BRDA:25,1,0,2
BRDA:25,1,1,6
BRF:4
BRH:4
end_of_record
TN:
SF:src\presentation\errors\access-denied-error.ts
FN:2,(anonymous_0)
FNF:1
FNH:1
FNDA:4,(anonymous_0)
DA:1,19
DA:3,4
DA:4,4
LF:3
LH:3
BRF:0
BRH:0
end_of_record
TN:
SF:src\presentation\errors\email-in-use-error.ts
FN:2,(anonymous_0)
FNF:1
FNH:1
FNDA:3,(anonymous_0)
DA:1,19
DA:3,3
DA:4,3
LF:3
LH:3
BRF:0
BRH:0
end_of_record
TN:
SF:src\presentation\errors\index.ts
FNF:0
FNH:0
DA:1,19
DA:2,19
DA:3,19
DA:4,19
DA:5,19
DA:6,19
LF:6
LH:6
BRF:0
BRH:0
end_of_record
TN:
SF:src\presentation\errors\invalid-param-error.ts
FN:2,(anonymous_0)
FNF:1
FNH:1
FNDA:4,(anonymous_0)
DA:1,19
DA:3,4
DA:4,4
LF:3
LH:3
BRF:0
BRH:0
end_of_record
TN:
SF:src\presentation\errors\missing-param-error.ts
FN:2,(anonymous_0)
FNF:1
FNH:1
FNDA:6,(anonymous_0)
DA:1,19
DA:3,6
DA:4,6
LF:3
LH:3
BRF:0
BRH:0
end_of_record
TN:
SF:src\presentation\errors\server-error.ts
FN:2,(anonymous_0)
FNF:1
FNH:1
FNDA:14,(anonymous_0)
DA:1,19
DA:3,14
DA:4,14
DA:5,14
LF:4
LH:4
BRF:0
BRH:0
end_of_record
TN:
SF:src\presentation\errors\unauthorized-error.ts
FN:2,(anonymous_0)
FNF:1
FNH:1
FNDA:3,(anonymous_0)
DA:1,19
DA:3,3
DA:4,3
LF:3
LH:3
BRF:0
BRH:0
end_of_record
TN:
SF:src\presentation\helpers\http-helper.ts
FN:4,(anonymous_0)
FN:9,(anonymous_1)
FN:14,(anonymous_2)
FN:19,(anonymous_3)
FN:24,(anonymous_4)
FN:29,(anonymous_5)
FNF:6
FNH:6
FNDA:6,(anonymous_0)
FNDA:7,(anonymous_1)
FNDA:3,(anonymous_2)
FNDA:13,(anonymous_3)
FNDA:20,(anonymous_4)
FNDA:7,(anonymous_5)
DA:2,15
DA:4,15
DA:9,15
DA:14,15
DA:19,15
DA:24,20
DA:29,15
LF:7
LH:7
BRF:0
BRH:0
end_of_record
TN:
SF:src\presentation\helpers\index.ts
FNF:0
FNH:0
DA:1,15
LF:1
LH:1
BRF:0
BRH:0
end_of_record
TN:
SF:src\presentation\middlewares\auth-middleware.ts
FN:7,(anonymous_0)
FN:12,(anonymous_1)
FNF:2
FNH:2
FNDA:11,(anonymous_0)
FNDA:5,(anonymous_1)
DA:2,10
DA:3,10
DA:6,10
DA:8,11
DA:9,11
DA:13,5
DA:14,5
DA:15,5
DA:16,4
DA:17,3
DA:18,2
DA:21,2
DA:23,1
LF:13
LH:13
BRDA:15,0,0,4
BRDA:15,0,1,1
BRDA:17,1,0,2
BRDA:17,1,1,1
BRF:4
BRH:4
end_of_record
TN:
SF:src\presentation\middlewares\index.ts
FNF:0
FNH:0
DA:1,10
LF:1
LH:1
BRF:0
BRH:0
end_of_record
TN:
SF:src\validation\validators\compare-fields-validation.ts
FN:5,(anonymous_0)
FN:10,(anonymous_1)
FNF:2
FNH:2
FNDA:2,(anonymous_0)
FNDA:2,(anonymous_1)
DA:2,13
DA:4,13
DA:6,2
DA:7,2
DA:11,2
DA:12,1
LF:6
LH:6
BRDA:11,0,0,1
BRDA:11,0,1,1
BRF:2
BRH:2
end_of_record
TN:
SF:src\validation\validators\email-validation.ts
FN:6,(anonymous_0)
FN:11,(anonymous_1)
FNF:2
FNH:2
FNDA:19,(anonymous_0)
FNDA:7,(anonymous_1)
DA:3,13
DA:5,13
DA:7,19
DA:8,19
DA:12,7
DA:13,6
DA:14,1
LF:7
LH:7
BRDA:13,0,0,1
BRDA:13,0,1,5
BRF:2
BRH:2
end_of_record
TN:
SF:src\validation\validators\index.ts
FNF:0
FNH:0
DA:1,13
DA:2,13
DA:3,13
DA:4,13
LF:4
LH:4
BRF:0
BRH:0
end_of_record
TN:
SF:src\validation\validators\required-field-validation.ts
FN:5,(anonymous_0)
FN:7,(anonymous_1)
FNF:2
FNH:2
FNDA:50,(anonymous_0)
FNDA:12,(anonymous_1)
DA:2,13
DA:4,13
DA:5,50
DA:8,12
DA:9,1
LF:5
LH:5
BRDA:8,0,0,1
BRDA:8,0,1,11
BRF:2
BRH:2
end_of_record
TN:
SF:src\validation\validators\validation-composite.ts
FN:4,(anonymous_0)
FN:6,(anonymous_1)
FNF:2
FNH:2
FNDA:21,(anonymous_0)
FNDA:7,(anonymous_1)
DA:3,13
DA:4,21
DA:7,7
DA:8,19
DA:9,19
DA:10,2
LF:6
LH:6
BRDA:9,0,0,2
BRDA:9,0,1,17
BRF:2
BRH:2
end_of_record
